<?xml version="1.0" encoding="UTF-8"?>
<!-- Generated by org.testng.reporters.JUnitXMLReporter -->
<testsuite ignored="0" hostname="Vidhis-MacBook-Pro.local" failures="1" tests="4" name="Test" time="12.127" errors="0" timestamp="2019-11-09T12:28:17 EST">
  <testcase classname="MercuryTours_week4.scen2_week4" name="@AfterMethod closer" time="0.0">
    <failure type="java.lang.NullPointerException">
      <![CDATA[java.lang.NullPointerException
at MercuryTours_week4.scen2_week4.closer(scen2_week4.java:54)
at java.base/java.util.ArrayList.forEach(ArrayList.java:1507)
... Removed 32 stack frames]]>
    </failure>
  </testcase> <!-- @AfterMethod closer -->
  <testcase classname="MercuryTours_week4.scenario2_week4" name="f" time="0.197"/>
  <testcase classname="MercuryTours_week4.scenario1_week4Test" name="f" time="0.048"/>
  <testcase classname="MercuryTours_week4.sceanrio3_week4" name="f" time="3.743"/>
  <testcase classname="MercuryTours_week4.scen2_week4" name="AddPayee" time="0.001">
    <failure type="java.lang.NullPointerException">
      <![CDATA[java.lang.NullPointerException
at MercuryTours_week4.scen2_week4.AddPayee(scen2_week4.java:22)
at java.base/java.util.ArrayList.forEach(ArrayList.java:1507)
... Removed 27 stack frames]]>
    </failure>
  </testcase> <!-- AddPayee -->
</testsuite> <!-- Test -->
