<?xml version="1.0" encoding="UTF-8"?>
<testng-results ignored="0" total="1" passed="1" failed="0" skipped="0">
  <reporter-output>
  </reporter-output>
  <suite started-at="2019-11-09T21:27:29Z" name="Default suite" finished-at="2019-11-09T21:27:33Z" duration-ms="4628">
    <groups>
    </groups>
    <test started-at="2019-11-09T21:27:29Z" name="Default test" finished-at="2019-11-09T21:27:33Z" duration-ms="4628">
      <class name="MercuryTours_week4.scen2_week4">
        <test-method is-config="true" signature="VerifyLogin()[pri:0, instance:MercuryTours_week4.scen2_week4@36f0f1be]" started-at="2019-11-09T21:27:29Z" name="VerifyLogin" finished-at="2019-11-09T21:27:31Z" duration-ms="2173" status="PASS">
          <reporter-output>
          </reporter-output>
        </test-method> <!-- VerifyLogin -->
        <test-method signature="AddPayee()[pri:0, instance:MercuryTours_week4.scen2_week4@36f0f1be]" started-at="2019-11-09T21:27:31Z" name="AddPayee" finished-at="2019-11-09T21:27:33Z" duration-ms="2353" status="PASS">
          <reporter-output>
          </reporter-output>
        </test-method> <!-- AddPayee -->
        <test-method is-config="true" signature="closer()[pri:0, instance:MercuryTours_week4.scen2_week4@36f0f1be]" started-at="2019-11-09T21:27:33Z" name="closer" finished-at="2019-11-09T21:27:33Z" duration-ms="81" status="PASS">
          <reporter-output>
          </reporter-output>
        </test-method> <!-- closer -->
      </class> <!-- MercuryTours_week4.scen2_week4 -->
    </test> <!-- Default test -->
  </suite> <!-- Default suite -->
</testng-results>
